model-1587409902,1587409910.985,0.51,0.2499,0.43,0.2645,0
model-1587409902,1587409911.05,0.55,0.2479,0.57,0.2484,0
model-1587409902,1587409911.114,0.43,0.2536,0.43,0.2574,0
model-1587409902,1587409911.176,0.5,0.2518,0.43,0.2542,0
model-1587409902,1587409911.237,0.52,0.2492,0.43,0.2529,0
model-1587409902,1587409911.295,0.55,0.2482,0.43,0.2544,0
model-1587409902,1587409911.352,0.44,0.2539,0.43,0.2519,0
model-1587409902,1587409911.408,0.41,0.2522,0.46,0.2501,0
model-1587409902,1587409911.465,0.46,0.2502,0.56,0.2498,0
model-1587409902,1587409911.521,0.43,0.2506,0.48,0.2501,0
model-1587409902,1587409911.578,0.45,0.25,0.43,0.2505,0
model-1587409902,1587409911.636,0.49,0.2501,0.43,0.2507,0
model-1587409902,1587409911.694,0.49,0.25,0.43,0.2507,0
model-1587409902,1587409911.75,0.51,0.2498,0.43,0.2507,0
model-1587409902,1587409911.807,0.54,0.2495,0.43,0.2511,0
model-1587409902,1587409911.864,0.53,0.2493,0.43,0.2519,0
model-1587409902,1587409911.921,0.46,0.2509,0.43,0.252,0
model-1587409902,1587409911.977,0.52,0.2491,0.43,0.2522,0
model-1587409902,1587409912.034,0.46,0.2514,0.43,0.2515,0
model-1587409902,1587409912.091,0.56,0.2479,0.43,0.2518,0
model-1587409902,1587409912.149,0.57,0.2475,0.43,0.2534,0
model-1587409902,1587409912.205,0.51,0.2492,0.43,0.2546,0
model-1587409902,1587409912.262,0.48,0.2519,0.43,0.2543,0
model-1587409902,1587409912.319,0.56,0.246,0.43,0.2548,0
model-1587409902,1587409912.375,0.41,0.2565,0.43,0.2524,0
model-1587409902,1587409912.432,0.56,0.2462,0.43,0.2511,0
model-1587409902,1587409912.49,0.44,0.2522,0.52,0.2497,0
model-1587409902,1587409912.547,0.56,0.2486,0.6,0.2492,0
model-1587409902,1587409912.604,0.51,0.2495,0.61,0.249,0
model-1587409902,1587409912.661,0.59,0.2491,0.6,0.2487,0
model-1587409902,1587409912.718,0.57,0.2491,0.58,0.2483,0
model-1587409902,1587409912.775,0.61,0.2477,0.57,0.2477,0
model-1587409902,1587409912.831,0.59,0.2479,0.58,0.2471,0
model-1587409902,1587409912.888,0.52,0.2481,0.62,0.2467,0
model-1587409902,1587409912.944,0.56,0.247,0.55,0.2481,0
model-1587409902,1587409913.002,0.59,0.2472,0.6,0.2468,0
model-1587409902,1587409913.059,0.61,0.2463,0.64,0.2451,0
model-1587409902,1587409913.115,0.54,0.2496,0.63,0.2444,0
model-1587409902,1587409913.173,0.6,0.2436,0.63,0.2432,0
model-1587409902,1587409913.229,0.58,0.2434,0.65,0.2411,0
model-1587409902,1587409913.286,0.55,0.2443,0.49,0.2487,0
model-1587409902,1587409913.342,0.49,0.2502,0.45,0.2556,0
model-1587409902,1587409913.399,0.46,0.2566,0.46,0.2551,0
model-1587409902,1587409913.457,0.51,0.2532,0.53,0.2475,0
model-1587409902,1587409913.513,0.58,0.243,0.63,0.238,0
model-1587409902,1587409913.569,0.43,0.2682,0.57,0.2432,0
model-1587409902,1587409913.627,0.55,0.2428,0.48,0.2491,0
model-1587409902,1587409913.684,0.51,0.2497,0.46,0.25,0
model-1587409902,1587409913.741,0.58,0.2419,0.46,0.2502,0
model-1587409902,1587409913.799,0.5,0.2489,0.46,0.2502,0
model-1587409902,1587409913.855,0.58,0.2412,0.5,0.2485,0
model-1587409902,1587409913.912,0.56,0.2435,0.54,0.2446,0
model-1587409902,1587409913.97,0.64,0.2389,0.6,0.2402,0
model-1587409902,1587409914.029,0.47,0.2459,0.63,0.2379,0
model-1587409902,1587409914.087,0.55,0.2523,0.65,0.2374,0
model-1587409902,1587409914.149,0.57,0.2478,0.63,0.2378,0
model-1587409902,1587409914.207,0.55,0.2396,0.55,0.2408,0
model-1587409902,1587409914.264,0.65,0.2368,0.52,0.2457,0
model-1587409902,1587409914.321,0.57,0.2375,0.49,0.2501,0
model-1587409902,1587409914.379,0.52,0.2444,0.49,0.2517,0
model-1587409902,1587409914.438,0.58,0.2409,0.49,0.2487,0
model-1587409902,1587409914.497,0.57,0.2495,0.55,0.243,0
model-1587409902,1587409914.555,0.63,0.2366,0.57,0.2443,0
model-1587409902,1587409914.614,0.55,0.2417,0.5,0.248,0
model-1587409902,1587409914.671,0.51,0.2484,0.57,0.2391,0
model-1587409902,1587409914.728,0.72,0.2261,0.62,0.2323,0
model-1587409902,1587409914.786,0.56,0.2448,0.62,0.2322,0
model-1587409902,1587409914.844,0.65,0.2275,0.63,0.2325,0
model-1587409902,1587409914.901,0.64,0.231,0.58,0.2354,0
model-1587409902,1587409914.957,0.58,0.2429,0.51,0.2531,0
model-1587409902,1587409915.014,0.59,0.2391,0.52,0.2569,0
model-1587409902,1587409915.074,0.58,0.2467,0.55,0.2463,0
model-1587409902,1587409915.133,0.68,0.2186,0.58,0.2382,0
model-1587409902,1587409915.189,0.57,0.2416,0.63,0.2307,0
model-1587409902,1587409915.247,0.6,0.2345,0.63,0.2289,0
model-1587409902,1587409915.304,0.54,0.2546,0.64,0.2303,0
model-1587409902,1587409915.362,0.62,0.2265,0.56,0.2399,0
model-1587409902,1587409915.42,0.55,0.2455,0.56,0.2475,0
model-1587409902,1587409915.478,0.6,0.2382,0.56,0.2428,0
model-1587409902,1587409915.538,0.52,0.2593,0.62,0.2334,0
model-1587409902,1587409915.596,0.65,0.227,0.62,0.23,0
model-1587409902,1587409915.654,0.66,0.2231,0.6,0.2302,0
model-1587409902,1587409915.712,0.57,0.237,0.6,0.2302,0
model-1587409902,1587409915.769,0.5,0.2633,0.62,0.2311,0
model-1587409902,1587409915.827,0.55,0.2437,0.59,0.2377,0
model-1587409902,1587409915.883,0.53,0.2577,0.57,0.2376,0
model-1587409902,1587409915.94,0.61,0.2378,0.58,0.2377,0
model-1587409902,1587409915.996,0.57,0.2419,0.62,0.2332,0
model-1587409902,1587409916.054,0.63,0.2323,0.61,0.2315,0
model-1587409902,1587409916.111,0.52,0.2487,0.6,0.2316,0
model-1587409902,1587409916.167,0.56,0.2443,0.59,0.2317,0
model-1587409902,1587409916.223,0.55,0.2413,0.58,0.2325,0
model-1587409902,1587409916.281,0.6,0.2442,0.64,0.2353,0
model-1587409902,1587409916.338,0.66,0.2282,0.61,0.2363,0
model-1587409902,1587409916.394,0.58,0.2343,0.61,0.2359,0
model-1587409902,1587409916.451,0.64,0.2213,0.63,0.2335,0
model-1587409902,1587409916.508,0.63,0.2358,0.62,0.2348,0
model-1587409902,1587409916.564,0.68,0.2192,0.55,0.2372,0
model-1587409902,1587409916.622,0.51,0.2557,0.56,0.2403,0
model-1587409902,1587409916.679,0.58,0.2324,0.56,0.2405,0
model-1587409902,1587409916.735,0.56,0.244,0.54,0.2418,0
model-1587409902,1587409916.792,0.59,0.237,0.57,0.2391,0
model-1587409902,1587409916.849,0.7,0.2195,0.62,0.2341,0
model-1587409902,1587409916.906,0.54,0.2493,0.59,0.2339,0
model-1587409902,1587409916.962,0.52,0.2563,0.6,0.2346,0
model-1587409902,1587409917.019,0.47,0.2671,0.63,0.2349,0
model-1587409902,1587409917.075,0.54,0.2467,0.54,0.2425,0
model-1587409902,1587409917.133,0.68,0.2266,0.54,0.2453,0
model-1587409902,1587409917.189,0.59,0.2399,0.53,0.2491,0
model-1587409902,1587409917.245,0.57,0.2362,0.53,0.2482,0
model-1587409902,1587409917.302,0.61,0.2328,0.53,0.2455,0
model-1587409902,1587409917.359,0.57,0.239,0.55,0.2388,0
model-1587409902,1587409917.416,0.63,0.2286,0.58,0.2315,0
model-1587409902,1587409917.473,0.58,0.2316,0.6,0.2341,0
model-1587409902,1587409917.53,0.52,0.2488,0.62,0.2333,0
model-1587409902,1587409917.586,0.57,0.2415,0.56,0.2307,0
model-1587409902,1587409917.643,0.57,0.2283,0.6,0.2362,0
model-1587409902,1587409917.699,0.63,0.2329,0.54,0.2451,0
model-1587409902,1587409917.756,0.55,0.249,0.51,0.2506,0
model-1587409902,1587409917.813,0.61,0.2254,0.49,0.256,0
model-1587409902,1587409917.87,0.5,0.259,0.49,0.2564,0
model-1587409902,1587409917.927,0.56,0.2374,0.49,0.2543,0
model-1587409902,1587409917.983,0.61,0.2217,0.51,0.2509,0
model-1587409902,1587409918.04,0.51,0.2543,0.53,0.2449,0
model-1587409902,1587409918.096,0.62,0.2365,0.6,0.24,0
model-1587409902,1587409918.152,0.51,0.2503,0.6,0.2352,0
model-1587409902,1587409918.209,0.63,0.2341,0.61,0.2321,0
model-1587409902,1587409918.266,0.59,0.2425,0.58,0.231,0
model-1587409902,1587409918.323,0.55,0.2393,0.58,0.2308,0
model-1587409902,1587409918.379,0.59,0.2327,0.6,0.2317,0
model-1587409902,1587409918.436,0.59,0.2382,0.59,0.2332,0
model-1587409902,1587409918.494,0.57,0.2461,0.6,0.237,0
model-1587409902,1587409918.551,0.64,0.2245,0.55,0.24,0
model-1587409902,1587409918.607,0.6,0.2346,0.56,0.2404,0
model-1587409902,1587409918.664,0.6,0.235,0.55,0.2396,0
model-1587409902,1587409918.722,0.63,0.2335,0.58,0.2376,0
model-1587409902,1587409918.778,0.6,0.2371,0.57,0.2349,0
model-1587409902,1587409918.835,0.62,0.2261,0.62,0.2319,0
model-1587409902,1587409918.891,0.64,0.2305,0.59,0.232,0
model-1587409902,1587409918.949,0.59,0.2405,0.6,0.2317,0
model-1587409902,1587409919.005,0.59,0.2332,0.59,0.2354,0
model-1587409902,1587409919.062,0.66,0.2191,0.57,0.2445,0
model-1587409902,1587409919.118,0.6,0.233,0.52,0.2499,0
model-1587409902,1587409919.175,0.57,0.2369,0.53,0.2477,0
model-1587409902,1587409919.232,0.63,0.2182,0.56,0.2448,0
model-1587409902,1587409919.288,0.66,0.2188,0.55,0.2418,0
model-1587409902,1587409919.345,0.57,0.2413,0.62,0.2364,0
model-1587409902,1587409919.402,0.5,0.2472,0.59,0.2345,0
model-1587409902,1587409919.46,0.57,0.2502,0.59,0.2335,0
model-1587409902,1587409919.516,0.78,0.1847,0.61,0.2362,0
model-1587409902,1587409919.573,0.51,0.255,0.6,0.235,0
model-1587409902,1587409919.629,0.55,0.2415,0.6,0.2355,0
model-1587409902,1587409919.685,0.67,0.2187,0.58,0.2372,0
model-1587409902,1587409919.742,0.57,0.2385,0.55,0.2388,0
model-1587409902,1587409919.798,0.6,0.2281,0.55,0.2415,0
model-1587409902,1587409919.855,0.56,0.2367,0.57,0.2395,0
model-1587409902,1587409919.912,0.56,0.2235,0.63,0.2328,0
model-1587409902,1587409919.969,0.58,0.238,0.61,0.2283,0
model-1587409902,1587409920.027,0.69,0.243,0.56,0.2286,0
model-1587409902,1587409920.083,0.64,0.2141,0.58,0.2295,0
model-1587409902,1587409920.139,0.65,0.2164,0.58,0.2276,0
model-1587409902,1587409920.196,0.6,0.2476,0.59,0.2312,0
model-1587409902,1587409920.252,0.62,0.2278,0.6,0.2417,0
model-1587409902,1587409920.309,0.63,0.2391,0.61,0.2472,0
model-1587409902,1587409920.366,0.59,0.2214,0.6,0.246,0
model-1587409902,1587409920.423,0.57,0.2266,0.61,0.2401,0
model-1587409902,1587409920.479,0.59,0.2324,0.62,0.2308,0
model-1587409902,1587409920.537,0.63,0.2212,0.57,0.231,0
model-1587409902,1587409920.593,0.71,0.2204,0.6,0.2384,0
model-1587409902,1587409920.65,0.58,0.2595,0.57,0.2312,0
model-1587409902,1587409920.706,0.61,0.237,0.63,0.2283,0
model-1587409902,1587409920.764,0.65,0.2278,0.63,0.2308,0
model-1587409902,1587409920.82,0.55,0.2382,0.62,0.2362,0
model-1587409902,1587409920.876,0.61,0.2224,0.62,0.2404,0
model-1587409902,1587409920.934,0.57,0.2282,0.62,0.2441,0
model-1587409902,1587409920.99,0.69,0.2133,0.55,0.2558,0
model-1587409902,1587409921.047,0.57,0.2356,0.52,0.2614,0
model-1587409902,1587409921.103,0.58,0.2504,0.56,0.2532,0
model-1587409902,1587409921.16,0.54,0.2538,0.62,0.2394,0
model-1587409902,1587409921.217,0.59,0.2387,0.63,0.2311,0
model-1587409902,1587409921.273,0.64,0.2403,0.55,0.2296,0
model-1587409902,1587409921.329,0.55,0.2503,0.57,0.2299,0
model-1587409902,1587409921.386,0.6,0.2353,0.55,0.2308,0
model-1587409902,1587409921.443,0.55,0.2211,0.6,0.2321,0
model-1587409902,1587409921.499,0.52,0.247,0.61,0.2345,0
model-1587409902,1587409921.555,0.65,0.2274,0.6,0.2371,0
model-1587409902,1587409921.612,0.58,0.2429,0.6,0.2357,0
model-1587409902,1587409921.669,0.65,0.2237,0.61,0.2336,0
model-1587409902,1587409921.726,0.69,0.2165,0.61,0.2315,0
model-1587409902,1587409921.782,0.67,0.2244,0.62,0.231,0
model-1587409902,1587409921.838,0.55,0.2387,0.63,0.2293,0
model-1587409902,1587409921.895,0.52,0.2353,0.62,0.2253,0
model-1587409902,1587409921.953,0.48,0.2484,0.63,0.2241,0
model-1587409902,1587409922.01,0.66,0.2172,0.61,0.224,0
model-1587409902,1587409922.066,0.57,0.2424,0.62,0.2246,0
model-1587409902,1587409922.123,0.77,0.194,0.67,0.2274,0
model-1587409902,1587409922.179,0.67,0.2198,0.68,0.2269,0
model-1587409902,1587409922.235,0.61,0.2334,0.64,0.2246,0
model-1587409902,1587409922.292,0.57,0.2273,0.63,0.2244,0
model-1587409902,1587409922.349,0.61,0.238,0.67,0.2258,0
model-1587409902,1587409922.405,0.63,0.2282,0.65,0.2296,0
model-1587409902,1587409922.463,0.66,0.2143,0.63,0.2331,0
model-1587409902,1587409922.521,0.6,0.2446,0.65,0.2279,0
model-1587409902,1587409922.578,0.57,0.2498,0.6,0.225,0
model-1587409902,1587409922.634,0.58,0.25,0.57,0.2272,0
model-1587409902,1587409922.69,0.64,0.2193,0.58,0.2283,0
model-1587409902,1587409922.747,0.66,0.2249,0.57,0.2299,0
model-1587409902,1587409922.805,0.63,0.2382,0.57,0.2334,0
model-1587409902,1587409922.861,0.63,0.234,0.56,0.2376,0
model-1587409902,1587409922.917,0.65,0.2193,0.56,0.2391,0
model-1587409902,1587409922.975,0.64,0.2239,0.55,0.2394,0
model-1587409902,1587409923.031,0.6,0.2286,0.55,0.2381,0
model-1587409902,1587409923.087,0.58,0.2361,0.57,0.2367,0
model-1587409902,1587409923.144,0.49,0.261,0.57,0.234,0
model-1587409902,1587409923.2,0.72,0.2045,0.59,0.2321,0
model-1587409902,1587409923.257,0.58,0.2416,0.59,0.2301,0
model-1587409902,1587409923.314,0.76,0.1994,0.58,0.2307,0
model-1587409902,1587409923.37,0.66,0.2107,0.61,0.2261,0
model-1587409902,1587409923.427,0.67,0.2086,0.6,0.2249,0
model-1587409902,1587409923.484,0.56,0.2407,0.61,0.225,0
model-1587409902,1587409923.54,0.65,0.2287,0.61,0.2239,0
model-1587409902,1587409923.596,0.69,0.2139,0.64,0.2252,0
model-1587409902,1587409923.653,0.64,0.2282,0.62,0.2375,0
model-1587409902,1587409923.712,0.61,0.2318,0.61,0.2443,0
model-1587409902,1587409923.743,0.6,0.2461,0.62,0.2429,0
model-1587409902,1587409923.801,0.6,0.244,0.61,0.2356,1
model-1587409902,1587409923.857,0.59,0.2171,0.58,0.2308,1
model-1587409902,1587409923.915,0.67,0.2158,0.56,0.2311,1
model-1587409902,1587409923.972,0.52,0.2374,0.58,0.2311,1
model-1587409902,1587409924.029,0.63,0.2276,0.56,0.2305,1
model-1587409902,1587409924.085,0.58,0.2326,0.56,0.2296,1
model-1587409902,1587409924.141,0.56,0.2491,0.6,0.228,1
model-1587409902,1587409924.197,0.75,0.2004,0.6,0.227,1
model-1587409902,1587409924.254,0.65,0.2358,0.6,0.2262,1
model-1587409902,1587409924.31,0.66,0.2192,0.67,0.2252,1
model-1587409902,1587409924.367,0.64,0.2062,0.61,0.228,1
model-1587409902,1587409924.425,0.64,0.2154,0.6,0.2315,1
model-1587409902,1587409924.482,0.65,0.2224,0.59,0.2307,1
model-1587409902,1587409924.539,0.7,0.205,0.64,0.2269,1
model-1587409902,1587409924.596,0.72,0.1945,0.66,0.225,1
model-1587409902,1587409924.652,0.66,0.2073,0.65,0.2255,1
model-1587409902,1587409924.709,0.63,0.2135,0.64,0.2258,1
model-1587409902,1587409924.765,0.64,0.2151,0.66,0.2256,1
model-1587409902,1587409924.822,0.55,0.2506,0.59,0.2277,1
model-1587409902,1587409924.879,0.54,0.2528,0.64,0.2266,1
model-1587409902,1587409924.937,0.61,0.2304,0.59,0.2289,1
model-1587409902,1587409924.993,0.7,0.1992,0.62,0.2373,1
model-1587409902,1587409925.049,0.53,0.2644,0.62,0.2366,1
model-1587409902,1587409925.106,0.73,0.2027,0.59,0.2325,1
model-1587409902,1587409925.162,0.72,0.1955,0.6,0.2297,1
model-1587409902,1587409925.218,0.63,0.2185,0.57,0.2307,1
model-1587409902,1587409925.275,0.6,0.232,0.6,0.2314,1
model-1587409902,1587409925.332,0.62,0.2376,0.6,0.2284,1
model-1587409902,1587409925.388,0.62,0.2186,0.59,0.2312,1
model-1587409902,1587409925.446,0.59,0.2302,0.63,0.2354,1
model-1587409902,1587409925.502,0.55,0.2651,0.57,0.2299,1
model-1587409902,1587409925.558,0.76,0.1916,0.59,0.2295,1
model-1587409902,1587409925.615,0.67,0.2151,0.57,0.2424,1
model-1587409902,1587409925.671,0.51,0.2487,0.61,0.2321,1
model-1587409902,1587409925.728,0.63,0.2257,0.58,0.2271,1
model-1587409902,1587409925.785,0.75,0.2163,0.59,0.2269,1
model-1587409902,1587409925.841,0.7,0.2092,0.61,0.2277,1
model-1587409902,1587409925.898,0.64,0.2332,0.61,0.2314,1
model-1587409902,1587409925.955,0.66,0.216,0.6,0.232,1
model-1587409902,1587409926.012,0.59,0.2287,0.62,0.2262,1
model-1587409902,1587409926.068,0.75,0.2002,0.66,0.2218,1
model-1587409902,1587409926.124,0.61,0.244,0.63,0.2211,1
model-1587409902,1587409926.181,0.65,0.2118,0.62,0.2233,1
model-1587409902,1587409926.238,0.69,0.2152,0.6,0.2246,1
model-1587409902,1587409926.294,0.7,0.2017,0.61,0.224,1
model-1587409902,1587409926.351,0.46,0.2895,0.65,0.2227,1
model-1587409902,1587409926.407,0.65,0.2255,0.58,0.2424,1
model-1587409902,1587409926.465,0.61,0.2415,0.58,0.2441,1
model-1587409902,1587409926.521,0.62,0.2252,0.58,0.235,1
model-1587409902,1587409926.579,0.72,0.2051,0.63,0.2266,1
model-1587409902,1587409926.635,0.66,0.2182,0.65,0.2209,1
model-1587409902,1587409926.692,0.58,0.2292,0.62,0.2219,1
model-1587409902,1587409926.749,0.68,0.2086,0.62,0.2248,1
model-1587409902,1587409926.805,0.69,0.2242,0.63,0.226,1
model-1587409902,1587409926.862,0.65,0.2372,0.63,0.2239,1
model-1587409902,1587409926.92,0.64,0.2317,0.61,0.226,1
model-1587409902,1587409926.976,0.62,0.2171,0.59,0.2323,1
model-1587409902,1587409927.033,0.67,0.2204,0.58,0.2401,1
model-1587409902,1587409927.088,0.62,0.2097,0.58,0.2453,1
model-1587409902,1587409927.145,0.64,0.2306,0.6,0.2444,1
model-1587409902,1587409927.201,0.58,0.2288,0.58,0.2398,1
model-1587409902,1587409927.258,0.64,0.2311,0.57,0.2359,1
model-1587409902,1587409927.314,0.56,0.2514,0.59,0.234,1
model-1587409902,1587409927.372,0.6,0.2392,0.61,0.2324,1
model-1587409902,1587409927.429,0.67,0.215,0.58,0.2304,1
model-1587409902,1587409927.485,0.7,0.2085,0.6,0.2284,1
model-1587409902,1587409927.542,0.7,0.2095,0.63,0.227,1
model-1587409902,1587409927.598,0.65,0.2059,0.62,0.2253,1
model-1587409902,1587409927.654,0.6,0.2295,0.64,0.2236,1
model-1587409902,1587409927.711,0.61,0.2384,0.64,0.2244,1
model-1587409902,1587409927.768,0.66,0.2143,0.65,0.2247,1
model-1587409902,1587409927.825,0.65,0.2102,0.65,0.2229,1
model-1587409902,1587409927.881,0.72,0.2043,0.65,0.2227,1
model-1587409902,1587409927.939,0.58,0.2324,0.66,0.2201,1
model-1587409902,1587409927.995,0.65,0.2216,0.67,0.2186,1
model-1587409902,1587409928.051,0.63,0.2195,0.67,0.2207,1
model-1587409902,1587409928.107,0.68,0.2072,0.61,0.2256,1
model-1587409902,1587409928.164,0.64,0.2266,0.64,0.2234,1
model-1587409902,1587409928.22,0.64,0.2202,0.66,0.2184,1
model-1587409902,1587409928.277,0.59,0.2446,0.64,0.2187,1
model-1587409902,1587409928.333,0.67,0.2087,0.62,0.221,1
model-1587409902,1587409928.39,0.69,0.2005,0.61,0.2207,1
model-1587409902,1587409928.447,0.65,0.2191,0.65,0.222,1
model-1587409902,1587409928.503,0.56,0.2387,0.61,0.2304,1
model-1587409902,1587409928.561,0.57,0.2408,0.6,0.2414,1
model-1587409902,1587409928.618,0.55,0.266,0.61,0.2356,1
model-1587409902,1587409928.675,0.64,0.2369,0.56,0.2316,1
model-1587409902,1587409928.733,0.59,0.2462,0.65,0.2294,1
model-1587409902,1587409928.789,0.57,0.2346,0.59,0.2318,1
model-1587409902,1587409928.845,0.55,0.2505,0.6,0.2318,1
model-1587409902,1587409928.901,0.59,0.2508,0.6,0.2288,1
model-1587409902,1587409928.959,0.63,0.2272,0.61,0.2264,1
model-1587409902,1587409929.015,0.6,0.234,0.63,0.2272,1
model-1587409902,1587409929.072,0.65,0.2277,0.6,0.2305,1
model-1587409902,1587409929.128,0.57,0.2384,0.63,0.2324,1
model-1587409902,1587409929.186,0.65,0.2157,0.63,0.2313,1
model-1587409902,1587409929.242,0.69,0.2198,0.63,0.2314,1
model-1587409902,1587409929.299,0.68,0.2195,0.63,0.2314,1
model-1587409902,1587409929.355,0.58,0.2473,0.64,0.2294,1
model-1587409902,1587409929.412,0.61,0.2217,0.64,0.2261,1
model-1587409902,1587409929.47,0.6,0.2303,0.63,0.2236,1
model-1587409902,1587409929.526,0.7,0.2176,0.63,0.2219,1
model-1587409902,1587409929.582,0.66,0.2201,0.66,0.2209,1
model-1587409902,1587409929.639,0.6,0.2304,0.64,0.2206,1
model-1587409902,1587409929.695,0.58,0.2285,0.64,0.221,1
model-1587409902,1587409929.752,0.57,0.2455,0.63,0.2216,1
model-1587409902,1587409929.808,0.59,0.2374,0.63,0.2218,1
model-1587409902,1587409929.865,0.64,0.216,0.65,0.2212,1
model-1587409902,1587409929.922,0.69,0.2268,0.63,0.2213,1
model-1587409902,1587409929.98,0.62,0.2232,0.63,0.2231,1
model-1587409902,1587409930.036,0.68,0.2138,0.63,0.2269,1
model-1587409902,1587409930.092,0.64,0.2255,0.62,0.228,1
model-1587409902,1587409930.148,0.67,0.2188,0.62,0.2248,1
model-1587409902,1587409930.205,0.68,0.219,0.64,0.2196,1
model-1587409902,1587409930.261,0.69,0.2009,0.66,0.2176,1
model-1587409902,1587409930.319,0.69,0.2043,0.63,0.2174,1
model-1587409902,1587409930.376,0.68,0.2107,0.64,0.2171,1
model-1587409902,1587409930.432,0.63,0.2303,0.68,0.2171,1
model-1587409902,1587409930.489,0.62,0.2353,0.65,0.2202,1
model-1587409902,1587409930.546,0.76,0.1936,0.62,0.2252,1
model-1587409902,1587409930.603,0.59,0.2474,0.62,0.2239,1
model-1587409902,1587409930.659,0.65,0.2126,0.68,0.2202,1
model-1587409902,1587409930.716,0.72,0.1879,0.69,0.2182,1
model-1587409902,1587409930.773,0.67,0.2218,0.64,0.2155,1
model-1587409902,1587409930.83,0.62,0.2337,0.64,0.2156,1
model-1587409902,1587409930.886,0.55,0.2422,0.64,0.2161,1
model-1587409902,1587409930.944,0.64,0.2223,0.65,0.2163,1
model-1587409902,1587409931.0,0.65,0.2187,0.63,0.2192,1
model-1587409902,1587409931.056,0.67,0.2201,0.61,0.2235,1
model-1587409902,1587409931.112,0.7,0.2079,0.61,0.225,1
model-1587409902,1587409931.169,0.67,0.2168,0.61,0.2208,1
model-1587409902,1587409931.226,0.57,0.2299,0.64,0.2206,1
model-1587409902,1587409931.283,0.71,0.1988,0.61,0.2213,1
model-1587409902,1587409931.339,0.67,0.2135,0.62,0.2227,1
model-1587409902,1587409931.395,0.62,0.2281,0.6,0.2227,1
model-1587409902,1587409931.452,0.7,0.2002,0.62,0.2227,1
model-1587409902,1587409931.509,0.61,0.2279,0.61,0.2231,1
model-1587409902,1587409931.565,0.7,0.2048,0.63,0.2228,1
model-1587409902,1587409931.621,0.65,0.2095,0.63,0.223,1
model-1587409902,1587409931.678,0.7,0.2041,0.62,0.2239,1
model-1587409902,1587409931.735,0.71,0.2094,0.61,0.2289,1
model-1587409902,1587409931.792,0.64,0.2137,0.63,0.2362,1
model-1587409902,1587409931.848,0.6,0.2296,0.63,0.2248,1
model-1587409902,1587409931.905,0.66,0.213,0.62,0.2236,1
model-1587409902,1587409931.963,0.72,0.2053,0.64,0.2248,1
model-1587409902,1587409932.019,0.64,0.2302,0.66,0.2205,1
model-1587409902,1587409932.075,0.67,0.2154,0.64,0.2235,1
model-1587409902,1587409932.131,0.58,0.2431,0.63,0.2292,1
model-1587409902,1587409932.188,0.67,0.2381,0.63,0.2258,1
model-1587409902,1587409932.245,0.8,0.1571,0.64,0.2217,1
model-1587409902,1587409932.301,0.59,0.2404,0.63,0.2187,1
model-1587409902,1587409932.359,0.61,0.237,0.62,0.2192,1
model-1587409902,1587409932.416,0.63,0.2145,0.64,0.2176,1
model-1587409902,1587409932.474,0.58,0.2432,0.64,0.2235,1
model-1587409902,1587409932.531,0.65,0.2134,0.64,0.2356,1
model-1587409902,1587409932.589,0.61,0.2296,0.65,0.2323,1
model-1587409902,1587409932.646,0.66,0.1998,0.63,0.22,1
model-1587409902,1587409932.702,0.62,0.2178,0.61,0.2187,1
model-1587409902,1587409932.759,0.65,0.2311,0.64,0.2226,1
model-1587409902,1587409932.817,0.76,0.1916,0.65,0.2249,1
model-1587409902,1587409932.874,0.67,0.2093,0.62,0.2214,1
model-1587409902,1587409932.931,0.63,0.2312,0.62,0.2203,1
model-1587409902,1587409932.988,0.64,0.2162,0.66,0.2267,1
model-1587409902,1587409933.045,0.65,0.2228,0.67,0.229,1
model-1587409902,1587409933.102,0.7,0.1958,0.65,0.2265,1
model-1587409902,1587409933.158,0.63,0.207,0.61,0.2229,1
model-1587409902,1587409933.215,0.65,0.2073,0.6,0.2188,1
model-1587409902,1587409933.273,0.72,0.2033,0.64,0.2212,1
model-1587409902,1587409933.329,0.65,0.2074,0.65,0.2247,1
model-1587409902,1587409933.386,0.63,0.2376,0.65,0.2201,1
model-1587409902,1587409933.444,0.67,0.2134,0.64,0.2173,1
model-1587409902,1587409933.501,0.61,0.2267,0.62,0.2171,1
model-1587409902,1587409933.557,0.69,0.2283,0.62,0.2184,1
model-1587409902,1587409933.614,0.68,0.2099,0.62,0.2202,1
model-1587409902,1587409933.671,0.66,0.2044,0.61,0.2232,1
model-1587409902,1587409933.729,0.66,0.2103,0.66,0.2374,1
model-1587409902,1587409933.786,0.61,0.2275,0.64,0.2454,1
model-1587409902,1587409933.842,0.62,0.2401,0.66,0.2363,1
model-1587409902,1587409933.899,0.62,0.2387,0.63,0.2229,1
model-1587409902,1587409933.956,0.63,0.2272,0.64,0.2196,1
model-1587409902,1587409934.013,0.64,0.2313,0.62,0.2246,1
model-1587409902,1587409934.069,0.59,0.2448,0.62,0.2224,1
model-1587409902,1587409934.126,0.66,0.2194,0.63,0.2233,1
model-1587409902,1587409934.184,0.66,0.2143,0.62,0.2266,1
model-1587409902,1587409934.241,0.63,0.2342,0.62,0.2294,1
model-1587409902,1587409934.297,0.63,0.2146,0.61,0.23,1
model-1587409902,1587409934.354,0.5,0.2492,0.63,0.2245,1
model-1587409902,1587409934.412,0.68,0.2089,0.6,0.2216,1
model-1587409902,1587409934.47,0.71,0.2067,0.63,0.2204,1
model-1587409902,1587409934.527,0.61,0.2161,0.64,0.2198,1
model-1587409902,1587409934.584,0.6,0.2296,0.63,0.2189,1
model-1587409902,1587409934.641,0.64,0.2245,0.63,0.217,1
model-1587409902,1587409934.698,0.58,0.2341,0.63,0.216,1
model-1587409902,1587409934.755,0.66,0.2064,0.65,0.2147,1
model-1587409902,1587409934.812,0.64,0.2173,0.64,0.2141,1
model-1587409902,1587409934.87,0.76,0.1778,0.64,0.2136,1
model-1587409902,1587409934.927,0.71,0.2057,0.64,0.2117,1
model-1587409902,1587409934.985,0.68,0.2188,0.64,0.2111,1
model-1587409902,1587409935.041,0.58,0.2192,0.64,0.2118,1
model-1587409902,1587409935.098,0.69,0.2185,0.64,0.2107,1
model-1587409902,1587409935.155,0.66,0.217,0.67,0.2108,1
model-1587409902,1587409935.212,0.69,0.195,0.65,0.2149,1
model-1587409902,1587409935.268,0.6,0.2322,0.65,0.2127,1
model-1587409902,1587409935.326,0.64,0.2346,0.64,0.2124,1
model-1587409902,1587409935.383,0.66,0.2323,0.62,0.2165,1
model-1587409902,1587409935.44,0.63,0.2008,0.63,0.2165,1
model-1587409902,1587409935.497,0.74,0.2119,0.63,0.2178,1
model-1587409902,1587409935.554,0.59,0.2367,0.63,0.2183,1
model-1587409902,1587409935.611,0.69,0.2106,0.58,0.2209,1
model-1587409902,1587409935.668,0.71,0.1973,0.59,0.2231,1
model-1587409902,1587409935.724,0.7,0.2034,0.63,0.2275,1
model-1587409902,1587409935.783,0.64,0.2028,0.61,0.2344,1
model-1587409902,1587409935.839,0.65,0.2124,0.61,0.238,1
model-1587409902,1587409935.896,0.51,0.251,0.61,0.2316,1
model-1587409902,1587409935.954,0.69,0.2012,0.57,0.2324,1
model-1587409902,1587409936.01,0.61,0.2301,0.58,0.2334,1
model-1587409902,1587409936.067,0.74,0.1865,0.59,0.2335,1
model-1587409902,1587409936.124,0.62,0.2206,0.59,0.2279,1
model-1587409902,1587409936.18,0.7,0.1944,0.63,0.2336,1
model-1587409902,1587409936.238,0.62,0.2304,0.63,0.2372,1
model-1587409902,1587409936.295,0.65,0.2214,0.62,0.2332,1
model-1587409902,1587409936.351,0.61,0.2208,0.63,0.2197,1
model-1587409902,1587409936.408,0.7,0.2032,0.62,0.2196,1
model-1587409902,1587409936.465,0.73,0.1951,0.64,0.2283,1
model-1587409902,1587409936.497,0.65,0.2231,0.62,0.2349,1
model-1587409902,1587409936.554,0.61,0.2448,0.63,0.2305,2
model-1587409902,1587409936.612,0.69,0.197,0.61,0.223,2
model-1587409902,1587409936.67,0.7,0.1963,0.61,0.2207,2
model-1587409902,1587409936.727,0.64,0.2128,0.62,0.221,2
model-1587409902,1587409936.784,0.65,0.2109,0.64,0.2222,2
model-1587409902,1587409936.841,0.64,0.2165,0.63,0.2233,2
model-1587409902,1587409936.897,0.61,0.2339,0.62,0.2245,2
model-1587409902,1587409936.954,0.8,0.1751,0.63,0.2251,2
model-1587409902,1587409937.011,0.63,0.2315,0.65,0.2235,2
model-1587409902,1587409937.067,0.68,0.2099,0.58,0.2237,2
model-1587409902,1587409937.124,0.66,0.198,0.6,0.2292,2
model-1587409902,1587409937.181,0.64,0.2111,0.6,0.2326,2
model-1587409902,1587409937.238,0.64,0.2123,0.6,0.2282,2
model-1587409902,1587409937.295,0.72,0.1902,0.6,0.2216,2
model-1587409902,1587409937.351,0.79,0.17,0.62,0.2197,2
model-1587409902,1587409937.409,0.7,0.1991,0.62,0.2206,2
model-1587409902,1587409937.467,0.72,0.1943,0.63,0.2217,2
model-1587409902,1587409937.524,0.68,0.2051,0.63,0.2212,2
model-1587409902,1587409937.58,0.65,0.2254,0.6,0.2226,2
model-1587409902,1587409937.637,0.65,0.231,0.63,0.2205,2
model-1587409902,1587409937.694,0.7,0.205,0.65,0.2222,2
model-1587409902,1587409937.751,0.75,0.1879,0.62,0.2294,2
model-1587409902,1587409937.808,0.55,0.2681,0.62,0.2251,2
model-1587409902,1587409937.865,0.72,0.1948,0.65,0.2188,2
model-1587409902,1587409937.922,0.73,0.1726,0.62,0.2166,2
model-1587409902,1587409937.98,0.66,0.1984,0.61,0.2177,2
model-1587409902,1587409938.036,0.64,0.2201,0.62,0.2176,2
model-1587409902,1587409938.093,0.63,0.2355,0.63,0.2192,2
model-1587409902,1587409938.149,0.68,0.1971,0.61,0.2264,2
model-1587409902,1587409938.206,0.61,0.2207,0.61,0.2256,2
model-1587409902,1587409938.262,0.65,0.2477,0.62,0.2214,2
model-1587409902,1587409938.32,0.8,0.1648,0.64,0.229,2
model-1587409902,1587409938.377,0.63,0.2103,0.64,0.2386,2
model-1587409902,1587409938.434,0.56,0.2416,0.64,0.2339,2
model-1587409902,1587409938.491,0.66,0.214,0.63,0.2233,2
model-1587409902,1587409938.548,0.74,0.1982,0.63,0.2224,2
model-1587409902,1587409938.606,0.74,0.1912,0.6,0.227,2
model-1587409902,1587409938.663,0.7,0.216,0.61,0.2339,2
model-1587409902,1587409938.72,0.65,0.2157,0.59,0.2318,2
model-1587409902,1587409938.778,0.63,0.2269,0.62,0.221,2
model-1587409902,1587409938.835,0.74,0.1906,0.59,0.2165,2
model-1587409902,1587409938.892,0.64,0.2244,0.63,0.2186,2
model-1587409902,1587409938.949,0.72,0.1994,0.66,0.2223,2
model-1587409902,1587409939.006,0.73,0.1958,0.66,0.2232,2
model-1587409902,1587409939.063,0.69,0.1905,0.65,0.2216,2
model-1587409902,1587409939.119,0.53,0.2749,0.64,0.2218,2
model-1587409902,1587409939.176,0.69,0.2062,0.63,0.2374,2
model-1587409902,1587409939.234,0.63,0.2279,0.62,0.2394,2
model-1587409902,1587409939.291,0.66,0.2045,0.61,0.23,2
model-1587409902,1587409939.348,0.71,0.1831,0.61,0.2209,2
model-1587409902,1587409939.405,0.7,0.1997,0.62,0.2168,2
model-1587409902,1587409939.462,0.61,0.2234,0.68,0.2193,2
model-1587409902,1587409939.519,0.71,0.1931,0.67,0.2237,2
model-1587409902,1587409939.576,0.69,0.2047,0.66,0.2242,2
model-1587409902,1587409939.632,0.67,0.2263,0.69,0.2193,2
model-1587409902,1587409939.69,0.62,0.2316,0.6,0.2185,2
model-1587409902,1587409939.747,0.67,0.1979,0.6,0.2252,2
model-1587409902,1587409939.804,0.65,0.2128,0.6,0.2362,2
model-1587409902,1587409939.86,0.68,0.197,0.59,0.2416,2
model-1587409902,1587409939.918,0.66,0.2199,0.59,0.2385,2
model-1587409902,1587409939.976,0.64,0.2098,0.56,0.231,2
model-1587409902,1587409940.033,0.68,0.211,0.59,0.2277,2
model-1587409902,1587409940.09,0.64,0.2352,0.6,0.2291,2
model-1587409902,1587409940.147,0.61,0.2362,0.61,0.2283,2
model-1587409902,1587409940.203,0.68,0.2074,0.6,0.2271,2
model-1587409902,1587409940.26,0.69,0.1945,0.6,0.225,2
model-1587409902,1587409940.317,0.69,0.1903,0.61,0.2237,2
model-1587409902,1587409940.375,0.73,0.1903,0.6,0.2224,2
model-1587409902,1587409940.432,0.63,0.218,0.6,0.2203,2
model-1587409902,1587409940.489,0.68,0.2241,0.61,0.2219,2
model-1587409902,1587409940.546,0.68,0.2088,0.61,0.2195,2
model-1587409902,1587409940.604,0.68,0.19,0.62,0.215,2
model-1587409902,1587409940.661,0.75,0.1873,0.62,0.2138,2
model-1587409902,1587409940.718,0.68,0.2088,0.65,0.2137,2
model-1587409902,1587409940.775,0.7,0.203,0.65,0.2137,2
model-1587409902,1587409940.833,0.66,0.209,0.63,0.2163,2
model-1587409902,1587409940.889,0.68,0.201,0.63,0.2229,2
model-1587409902,1587409940.947,0.67,0.2073,0.63,0.2233,2
model-1587409902,1587409941.004,0.63,0.2072,0.62,0.2175,2
model-1587409902,1587409941.06,0.68,0.2135,0.63,0.2155,2
model-1587409902,1587409941.117,0.71,0.1912,0.68,0.2199,2
model-1587409902,1587409941.174,0.69,0.1899,0.66,0.2219,2
model-1587409902,1587409941.23,0.69,0.2215,0.66,0.2199,2
model-1587409902,1587409941.289,0.53,0.2455,0.61,0.2186,2
model-1587409902,1587409941.345,0.62,0.2364,0.66,0.2251,2
model-1587409902,1587409941.402,0.63,0.2194,0.64,0.2263,2
model-1587409902,1587409941.46,0.65,0.2182,0.64,0.2261,2
model-1587409902,1587409941.517,0.56,0.2417,0.61,0.2219,2
model-1587409902,1587409941.573,0.58,0.2185,0.61,0.2226,2
model-1587409902,1587409941.63,0.62,0.2181,0.62,0.2233,2
model-1587409902,1587409941.688,0.65,0.2343,0.62,0.2223,2
model-1587409902,1587409941.746,0.65,0.2052,0.62,0.2205,2
model-1587409902,1587409941.802,0.68,0.2085,0.64,0.2211,2
model-1587409902,1587409941.859,0.59,0.2271,0.66,0.2221,2
model-1587409902,1587409941.916,0.67,0.2196,0.67,0.221,2
model-1587409902,1587409941.973,0.68,0.1946,0.66,0.2185,2
model-1587409902,1587409942.03,0.74,0.211,0.66,0.2182,2
model-1587409902,1587409942.087,0.69,0.2035,0.67,0.2193,2
model-1587409902,1587409942.144,0.64,0.2314,0.67,0.2194,2
model-1587409902,1587409942.201,0.67,0.2017,0.68,0.2177,2
model-1587409902,1587409942.258,0.64,0.2239,0.67,0.216,2
model-1587409902,1587409942.315,0.69,0.2006,0.65,0.2138,2
model-1587409902,1587409942.371,0.72,0.1945,0.64,0.2127,2
model-1587409902,1587409942.429,0.63,0.2146,0.65,0.2118,2
model-1587409902,1587409942.487,0.61,0.2233,0.65,0.2112,2
model-1587409902,1587409942.544,0.56,0.2344,0.65,0.2112,2
model-1587409902,1587409942.601,0.62,0.2299,0.65,0.2109,2
model-1587409902,1587409942.658,0.7,0.1936,0.67,0.2115,2
model-1587409902,1587409942.715,0.73,0.2025,0.68,0.2138,2
model-1587409902,1587409942.772,0.67,0.2145,0.67,0.2156,2
model-1587409902,1587409942.829,0.72,0.1914,0.66,0.2161,2
model-1587409902,1587409942.887,0.67,0.2114,0.68,0.213,2
model-1587409902,1587409942.944,0.73,0.1936,0.65,0.2092,2
model-1587409902,1587409943.001,0.78,0.1839,0.66,0.2098,2
model-1587409902,1587409943.058,0.77,0.1692,0.67,0.2099,2
model-1587409902,1587409943.115,0.71,0.1936,0.67,0.2074,2
model-1587409902,1587409943.172,0.69,0.1874,0.66,0.2083,2
model-1587409902,1587409943.228,0.64,0.2102,0.64,0.218,2
model-1587409902,1587409943.285,0.7,0.2194,0.64,0.2251,2
model-1587409902,1587409943.343,0.7,0.1774,0.64,0.2218,2
model-1587409902,1587409943.4,0.64,0.2353,0.64,0.2068,2
model-1587409902,1587409943.457,0.7,0.2053,0.65,0.2047,2
model-1587409902,1587409943.514,0.74,0.1659,0.68,0.2081,2
model-1587409902,1587409943.571,0.72,0.1925,0.68,0.2104,2
model-1587409902,1587409943.628,0.64,0.2355,0.7,0.2053,2
model-1587409902,1587409943.685,0.64,0.2262,0.67,0.2059,2
model-1587409902,1587409943.742,0.63,0.2231,0.63,0.2131,2
model-1587409902,1587409943.801,0.75,0.188,0.64,0.2226,2
model-1587409902,1587409943.857,0.71,0.2094,0.61,0.22,2
model-1587409902,1587409943.914,0.72,0.1954,0.67,0.2114,2
model-1587409902,1587409943.972,0.76,0.1832,0.66,0.2059,2
model-1587409902,1587409944.028,0.65,0.2112,0.64,0.2084,2
model-1587409902,1587409944.085,0.74,0.1751,0.66,0.2085,2
model-1587409902,1587409944.142,0.71,0.1877,0.66,0.2098,2
model-1587409902,1587409944.199,0.65,0.2043,0.66,0.2123,2
model-1587409902,1587409944.256,0.71,0.19,0.67,0.2136,2
model-1587409902,1587409944.313,0.6,0.2289,0.64,0.2138,2
model-1587409902,1587409944.37,0.69,0.1885,0.65,0.2166,2
model-1587409902,1587409944.426,0.72,0.1844,0.64,0.215,2
model-1587409902,1587409944.484,0.69,0.1942,0.64,0.2147,2
model-1587409902,1587409944.541,0.67,0.1919,0.66,0.2302,2
model-1587409902,1587409944.598,0.69,0.1961,0.62,0.2438,2
model-1587409902,1587409944.656,0.59,0.2395,0.66,0.2205,2
model-1587409902,1587409944.714,0.7,0.2074,0.63,0.2116,2
model-1587409902,1587409944.771,0.72,0.1847,0.62,0.2209,2
model-1587409902,1587409944.828,0.61,0.2177,0.63,0.2166,2
model-1587409902,1587409944.884,0.71,0.193,0.62,0.2092,2
model-1587409902,1587409944.943,0.64,0.2193,0.67,0.2078,2
model-1587409902,1587409945.0,0.66,0.1993,0.65,0.2123,2
model-1587409902,1587409945.056,0.78,0.1656,0.66,0.2158,2
model-1587409902,1587409945.113,0.68,0.2202,0.68,0.2089,2
model-1587409902,1587409945.17,0.65,0.2115,0.65,0.2061,2
model-1587409902,1587409945.226,0.68,0.1994,0.65,0.2064,2
model-1587409902,1587409945.283,0.64,0.2233,0.66,0.2087,2
model-1587409902,1587409945.34,0.67,0.2157,0.65,0.2129,2
model-1587409902,1587409945.397,0.66,0.2094,0.66,0.209,2
model-1587409902,1587409945.455,0.77,0.1634,0.65,0.2058,2
model-1587409902,1587409945.511,0.67,0.2009,0.64,0.207,2
model-1587409902,1587409945.568,0.63,0.2282,0.65,0.2058,2
model-1587409902,1587409945.625,0.71,0.1845,0.65,0.2056,2
model-1587409902,1587409945.681,0.76,0.1716,0.66,0.206,2
model-1587409902,1587409945.738,0.71,0.1938,0.66,0.2171,2
model-1587409902,1587409945.795,0.61,0.2194,0.66,0.2171,2
model-1587409902,1587409945.853,0.73,0.199,0.68,0.2059,2
model-1587409902,1587409945.91,0.75,0.1698,0.66,0.2042,2
model-1587409902,1587409945.967,0.69,0.1958,0.68,0.2056,2
model-1587409902,1587409946.024,0.73,0.1813,0.67,0.2049,2
model-1587409902,1587409946.081,0.73,0.1833,0.65,0.2035,2
model-1587409902,1587409946.138,0.76,0.176,0.65,0.2031,2
model-1587409902,1587409946.195,0.72,0.1943,0.65,0.206,2
model-1587409902,1587409946.251,0.68,0.2076,0.64,0.204,2
model-1587409902,1587409946.309,0.62,0.2397,0.65,0.2016,2
model-1587409902,1587409946.366,0.71,0.2018,0.67,0.2033,2
model-1587409902,1587409946.422,0.69,0.1994,0.65,0.202,2
model-1587409902,1587409946.48,0.67,0.1992,0.68,0.2019,2
model-1587409902,1587409946.537,0.65,0.2155,0.61,0.24,2
model-1587409902,1587409946.594,0.65,0.2191,0.57,0.2642,2
model-1587409902,1587409946.652,0.62,0.2442,0.61,0.239,2
model-1587409902,1587409946.709,0.61,0.2442,0.68,0.2089,2
model-1587409902,1587409946.767,0.68,0.2221,0.63,0.2048,2
model-1587409902,1587409946.824,0.62,0.2209,0.68,0.2162,2
model-1587409902,1587409946.88,0.59,0.243,0.67,0.2171,2
model-1587409902,1587409946.938,0.69,0.215,0.68,0.2142,2
model-1587409902,1587409946.995,0.7,0.2047,0.65,0.2122,2
model-1587409902,1587409947.052,0.7,0.2036,0.65,0.2113,2
model-1587409902,1587409947.108,0.74,0.1984,0.64,0.2124,2
model-1587409902,1587409947.165,0.64,0.2289,0.66,0.2084,2
model-1587409902,1587409947.222,0.7,0.1942,0.62,0.2039,2
model-1587409902,1587409947.279,0.75,0.1858,0.63,0.202,2
model-1587409902,1587409947.336,0.62,0.203,0.66,0.2026,2
model-1587409902,1587409947.392,0.68,0.2105,0.66,0.2028,2
model-1587409902,1587409947.451,0.63,0.2195,0.66,0.2004,2
model-1587409902,1587409947.508,0.68,0.2097,0.68,0.2008,2
model-1587409902,1587409947.564,0.75,0.1758,0.67,0.2013,2
model-1587409902,1587409947.621,0.68,0.1987,0.68,0.1991,2
model-1587409902,1587409947.678,0.78,0.1507,0.66,0.1974,2
model-1587409902,1587409947.734,0.75,0.1793,0.66,0.1973,2
model-1587409902,1587409947.791,0.69,0.198,0.66,0.1968,2
model-1587409902,1587409947.848,0.63,0.2062,0.66,0.1966,2
model-1587409902,1587409947.906,0.75,0.1914,0.66,0.1967,2
model-1587409902,1587409947.963,0.69,0.1995,0.67,0.1971,2
model-1587409902,1587409948.02,0.76,0.179,0.68,0.1971,2
model-1587409902,1587409948.077,0.69,0.2113,0.7,0.1944,2
model-1587409902,1587409948.134,0.7,0.1995,0.7,0.1996,2
model-1587409902,1587409948.19,0.66,0.2236,0.68,0.2034,2
model-1587409902,1587409948.247,0.66,0.1716,0.72,0.1995,2
model-1587409902,1587409948.303,0.72,0.1862,0.71,0.1991,2
model-1587409902,1587409948.361,0.67,0.2151,0.67,0.2034,2
model-1587409902,1587409948.418,0.63,0.2216,0.67,0.2067,2
model-1587409902,1587409948.475,0.71,0.1898,0.69,0.2074,2
model-1587409902,1587409948.532,0.64,0.205,0.68,0.2121,2
model-1587409902,1587409948.589,0.71,0.1987,0.65,0.2231,2
model-1587409902,1587409948.647,0.67,0.2033,0.63,0.2272,2
model-1587409902,1587409948.704,0.59,0.2535,0.67,0.2159,2
model-1587409902,1587409948.761,0.68,0.199,0.6,0.2249,2
model-1587409902,1587409948.819,0.66,0.2094,0.58,0.2366,2
model-1587409902,1587409948.875,0.72,0.1808,0.58,0.2373,2
model-1587409902,1587409948.932,0.62,0.2338,0.63,0.2232,2
model-1587409902,1587409948.99,0.75,0.1707,0.63,0.2283,2
model-1587409902,1587409949.046,0.65,0.2182,0.64,0.2371,2
model-1587409902,1587409949.102,0.69,0.2213,0.65,0.2314,2
model-1587409902,1587409949.159,0.66,0.2212,0.65,0.2159,2
model-1587409902,1587409949.215,0.69,0.1932,0.63,0.2185,2
model-1587409902,1587409949.273,0.81,0.1692,0.63,0.2251,2
model-1587409902,1587409949.305,0.73,0.2113,0.6,0.2315,2
model-1587409902,1587409949.362,0.61,0.2386,0.64,0.2263,3
model-1587409902,1587409949.419,0.75,0.1814,0.66,0.2132,3
model-1587409902,1587409949.477,0.79,0.1746,0.68,0.2073,3
model-1587409902,1587409949.535,0.69,0.1988,0.71,0.2066,3
model-1587409902,1587409949.591,0.64,0.2113,0.7,0.2075,3
model-1587409902,1587409949.648,0.73,0.1992,0.7,0.2083,3
model-1587409902,1587409949.706,0.63,0.2199,0.69,0.2092,3
model-1587409902,1587409949.764,0.78,0.1596,0.69,0.2094,3
model-1587409902,1587409949.822,0.69,0.2159,0.67,0.2085,3
model-1587409902,1587409949.879,0.73,0.184,0.68,0.2088,3
model-1587409902,1587409949.936,0.69,0.1928,0.65,0.2136,3
model-1587409902,1587409949.992,0.64,0.2057,0.64,0.2172,3
model-1587409902,1587409950.049,0.72,0.1851,0.63,0.2145,3
model-1587409902,1587409950.106,0.76,0.1688,0.65,0.2117,3
model-1587409902,1587409950.164,0.73,0.1632,0.66,0.2103,3
model-1587409902,1587409950.22,0.69,0.1947,0.66,0.2108,3
model-1587409902,1587409950.277,0.72,0.1802,0.66,0.2117,3
model-1587409902,1587409950.333,0.71,0.1854,0.67,0.2119,3
model-1587409902,1587409950.391,0.67,0.1962,0.67,0.2134,3
model-1587409902,1587409950.448,0.65,0.2147,0.65,0.2117,3
model-1587409902,1587409950.505,0.76,0.1629,0.64,0.2148,3
model-1587409902,1587409950.561,0.75,0.1924,0.61,0.2233,3
model-1587409902,1587409950.618,0.58,0.2532,0.63,0.2165,3
model-1587409902,1587409950.677,0.7,0.1877,0.65,0.2086,3
model-1587409902,1587409950.734,0.82,0.148,0.7,0.207,3
model-1587409902,1587409950.791,0.7,0.177,0.66,0.2087,3
model-1587409902,1587409950.847,0.68,0.2092,0.68,0.2086,3
model-1587409902,1587409950.904,0.63,0.24,0.69,0.206,3
model-1587409902,1587409950.961,0.73,0.1835,0.66,0.2117,3
model-1587409902,1587409951.017,0.73,0.192,0.65,0.2122,3
model-1587409902,1587409951.075,0.66,0.2307,0.7,0.2082,3
model-1587409902,1587409951.132,0.86,0.1487,0.67,0.2147,3
model-1587409902,1587409951.189,0.69,0.2021,0.61,0.2235,3
model-1587409902,1587409951.245,0.66,0.216,0.65,0.2208,3
model-1587409902,1587409951.302,0.63,0.2252,0.7,0.212,3
model-1587409902,1587409951.36,0.78,0.1753,0.65,0.2103,3
model-1587409902,1587409951.416,0.76,0.1657,0.65,0.2118,3
model-1587409902,1587409951.473,0.73,0.195,0.65,0.2162,3
model-1587409902,1587409951.531,0.71,0.1912,0.67,0.2143,3
model-1587409902,1587409951.588,0.68,0.1988,0.64,0.2055,3
model-1587409902,1587409951.644,0.75,0.169,0.68,0.2031,3
model-1587409902,1587409951.701,0.69,0.2149,0.7,0.2052,3
model-1587409902,1587409951.758,0.73,0.1888,0.67,0.2075,3
model-1587409902,1587409951.816,0.75,0.1754,0.67,0.2079,3
model-1587409902,1587409951.873,0.69,0.1809,0.67,0.2071,3
model-1587409902,1587409951.93,0.62,0.2515,0.65,0.2033,3
model-1587409902,1587409951.987,0.75,0.1816,0.66,0.2146,3
model-1587409902,1587409952.044,0.68,0.2132,0.65,0.2246,3
model-1587409902,1587409952.101,0.75,0.1771,0.65,0.2245,3
model-1587409902,1587409952.157,0.74,0.1688,0.65,0.2154,3
model-1587409902,1587409952.214,0.71,0.1901,0.67,0.2054,3
model-1587409902,1587409952.272,0.69,0.1996,0.7,0.2033,3
model-1587409902,1587409952.329,0.73,0.1808,0.68,0.2055,3
model-1587409902,1587409952.385,0.74,0.1811,0.68,0.2061,3
model-1587409902,1587409952.442,0.69,0.2085,0.7,0.2036,3
model-1587409902,1587409952.5,0.72,0.2135,0.65,0.2068,3
model-1587409902,1587409952.557,0.74,0.175,0.61,0.222,3
model-1587409902,1587409952.614,0.7,0.1935,0.58,0.2386,3
model-1587409902,1587409952.672,0.7,0.1947,0.57,0.2397,3
model-1587409902,1587409952.729,0.71,0.2045,0.61,0.2248,3
model-1587409902,1587409952.786,0.63,0.2059,0.64,0.2078,3
model-1587409902,1587409952.842,0.69,0.1978,0.68,0.2053,3
model-1587409902,1587409952.899,0.64,0.2163,0.69,0.2058,3
model-1587409902,1587409952.957,0.71,0.2124,0.69,0.2038,3
model-1587409902,1587409953.015,0.64,0.2071,0.7,0.2026,3
model-1587409902,1587409953.072,0.68,0.188,0.65,0.2016,3
model-1587409902,1587409953.128,0.73,0.1719,0.63,0.2047,3
model-1587409902,1587409953.185,0.79,0.1819,0.64,0.2074,3
model-1587409902,1587409953.242,0.68,0.2054,0.65,0.206,3
model-1587409902,1587409953.299,0.68,0.2147,0.66,0.2075,3
model-1587409902,1587409953.355,0.67,0.1962,0.67,0.2028,3
model-1587409902,1587409953.413,0.75,0.1682,0.66,0.1982,3
model-1587409902,1587409953.47,0.8,0.1696,0.68,0.1971,3
model-1587409902,1587409953.527,0.73,0.1805,0.68,0.1972,3
model-1587409902,1587409953.584,0.75,0.1769,0.67,0.1969,3
model-1587409902,1587409953.641,0.7,0.1848,0.66,0.1998,3
model-1587409902,1587409953.697,0.72,0.1758,0.67,0.2075,3
model-1587409902,1587409953.754,0.68,0.1907,0.69,0.211,3
model-1587409902,1587409953.811,0.7,0.1857,0.66,0.2077,3
model-1587409902,1587409953.869,0.78,0.1777,0.66,0.2061,3
model-1587409902,1587409953.925,0.74,0.1742,0.67,0.2102,3
model-1587409902,1587409953.983,0.77,0.1536,0.68,0.2136,3
model-1587409902,1587409954.04,0.67,0.2039,0.66,0.2134,3
model-1587409902,1587409954.097,0.56,0.2425,0.67,0.2144,3
model-1587409902,1587409954.153,0.62,0.2391,0.66,0.221,3
model-1587409902,1587409954.21,0.66,0.2053,0.66,0.2217,3
model-1587409902,1587409954.267,0.7,0.1907,0.66,0.2196,3
model-1587409902,1587409954.325,0.6,0.2292,0.67,0.2144,3
model-1587409902,1587409954.381,0.63,0.205,0.68,0.2126,3
model-1587409902,1587409954.438,0.67,0.2065,0.68,0.2107,3
model-1587409902,1587409954.496,0.67,0.2222,0.67,0.2086,3
model-1587409902,1587409954.552,0.7,0.187,0.68,0.2095,3
model-1587409902,1587409954.609,0.72,0.1861,0.67,0.2133,3
model-1587409902,1587409954.666,0.68,0.2172,0.69,0.2138,3
model-1587409902,1587409954.724,0.65,0.1967,0.66,0.2108,3
model-1587409902,1587409954.782,0.72,0.1782,0.64,0.2103,3
model-1587409902,1587409954.838,0.66,0.2072,0.67,0.2082,3
model-1587409902,1587409954.895,0.68,0.1976,0.69,0.2105,3
model-1587409902,1587409954.952,0.69,0.2202,0.68,0.2162,3
model-1587409902,1587409955.009,0.7,0.19,0.66,0.2161,3
model-1587409902,1587409955.066,0.7,0.2075,0.69,0.2111,3
model-1587409902,1587409955.123,0.7,0.1918,0.7,0.2029,3
model-1587409902,1587409955.18,0.8,0.1655,0.7,0.1975,3
model-1587409902,1587409955.237,0.7,0.1867,0.7,0.1959,3
model-1587409902,1587409955.294,0.65,0.1902,0.71,0.1966,3
model-1587409902,1587409955.35,0.65,0.2089,0.71,0.197,3
model-1587409902,1587409955.407,0.69,0.2143,0.71,0.1961,3
model-1587409902,1587409955.465,0.7,0.1882,0.68,0.1962,3
model-1587409902,1587409955.522,0.69,0.2018,0.68,0.2011,3
model-1587409902,1587409955.579,0.64,0.2044,0.67,0.21,3
model-1587409902,1587409955.636,0.71,0.181,0.69,0.2178,3
model-1587409902,1587409955.693,0.64,0.2211,0.68,0.2113,3
model-1587409902,1587409955.75,0.71,0.1912,0.7,0.1993,3
model-1587409902,1587409955.807,0.77,0.1724,0.7,0.1949,3
model-1587409902,1587409955.864,0.79,0.1548,0.72,0.1983,3
model-1587409902,1587409955.921,0.71,0.1826,0.73,0.1955,3
model-1587409902,1587409955.978,0.76,0.1782,0.7,0.1915,3
model-1587409902,1587409956.036,0.69,0.195,0.69,0.1996,3
model-1587409902,1587409956.093,0.73,0.1968,0.69,0.2159,3
model-1587409902,1587409956.15,0.77,0.1687,0.67,0.2225,3
model-1587409902,1587409956.207,0.67,0.2253,0.69,0.2111,3
model-1587409902,1587409956.263,0.67,0.2261,0.73,0.1946,3
model-1587409902,1587409956.32,0.8,0.1587,0.72,0.1872,3
model-1587409902,1587409956.378,0.75,0.1748,0.73,0.1898,3
model-1587409902,1587409956.434,0.67,0.2074,0.7,0.1923,3
model-1587409902,1587409956.491,0.66,0.2136,0.7,0.1919,3
model-1587409902,1587409956.549,0.65,0.2305,0.72,0.1875,3
model-1587409902,1587409956.606,0.66,0.1892,0.72,0.1912,3
model-1587409902,1587409956.663,0.72,0.1849,0.69,0.2055,3
model-1587409902,1587409956.721,0.71,0.1736,0.67,0.2182,3
model-1587409902,1587409956.778,0.71,0.1864,0.68,0.2115,3
model-1587409902,1587409956.836,0.69,0.2017,0.7,0.2003,3
model-1587409902,1587409956.893,0.85,0.1354,0.7,0.1966,3
model-1587409902,1587409956.95,0.79,0.1696,0.71,0.1997,3
model-1587409902,1587409957.006,0.67,0.1878,0.7,0.2029,3
model-1587409902,1587409957.064,0.7,0.1807,0.7,0.2036,3
model-1587409902,1587409957.123,0.66,0.2318,0.69,0.2023,3
model-1587409902,1587409957.179,0.8,0.1693,0.67,0.201,3
model-1587409902,1587409957.236,0.72,0.1666,0.69,0.2015,3
model-1587409902,1587409957.293,0.72,0.1876,0.7,0.2057,3
model-1587409902,1587409957.349,0.7,0.1726,0.69,0.2105,3
model-1587409902,1587409957.406,0.74,0.1609,0.69,0.2135,3
model-1587409902,1587409957.463,0.68,0.1904,0.68,0.2066,3
model-1587409902,1587409957.521,0.78,0.1692,0.69,0.2047,3
model-1587409902,1587409957.577,0.77,0.1666,0.65,0.2097,3
model-1587409902,1587409957.634,0.7,0.1985,0.66,0.2074,3
model-1587409902,1587409957.691,0.75,0.1626,0.69,0.2036,3
model-1587409902,1587409957.748,0.72,0.1999,0.69,0.2039,3
model-1587409902,1587409957.805,0.7,0.1741,0.67,0.2072,3
model-1587409902,1587409957.861,0.74,0.1582,0.68,0.2066,3
model-1587409902,1587409957.918,0.71,0.196,0.7,0.2005,3
model-1587409902,1587409957.976,0.71,0.1951,0.71,0.2002,3
model-1587409902,1587409958.032,0.74,0.1915,0.69,0.2007,3
model-1587409902,1587409958.089,0.68,0.2014,0.71,0.2013,3
model-1587409902,1587409958.146,0.71,0.1962,0.69,0.2059,3
model-1587409902,1587409958.204,0.68,0.1908,0.69,0.2058,3
model-1587409902,1587409958.26,0.75,0.1586,0.72,0.2029,3
model-1587409902,1587409958.317,0.71,0.1903,0.68,0.202,3
model-1587409902,1587409958.374,0.68,0.2115,0.68,0.2021,3
model-1587409902,1587409958.431,0.8,0.1601,0.68,0.2023,3
model-1587409902,1587409958.488,0.76,0.154,0.71,0.2024,3
model-1587409902,1587409958.545,0.71,0.1861,0.7,0.2059,3
model-1587409902,1587409958.601,0.72,0.1931,0.71,0.2074,3
model-1587409902,1587409958.659,0.78,0.1633,0.71,0.2014,3
model-1587409902,1587409958.718,0.78,0.147,0.7,0.2007,3
model-1587409902,1587409958.775,0.76,0.1725,0.7,0.2028,3
model-1587409902,1587409958.832,0.78,0.1569,0.7,0.2029,3
model-1587409902,1587409958.889,0.75,0.1665,0.7,0.2008,3
model-1587409902,1587409958.946,0.74,0.1556,0.68,0.2,3
model-1587409902,1587409959.003,0.77,0.1676,0.69,0.199,3
model-1587409902,1587409959.059,0.73,0.185,0.7,0.1975,3
model-1587409902,1587409959.117,0.67,0.216,0.68,0.2011,3
model-1587409902,1587409959.174,0.72,0.1937,0.69,0.2006,3
model-1587409902,1587409959.231,0.76,0.1833,0.7,0.1989,3
model-1587409902,1587409959.288,0.69,0.1764,0.7,0.2053,3
model-1587409902,1587409959.345,0.73,0.1789,0.65,0.2334,3
model-1587409902,1587409959.401,0.68,0.2004,0.65,0.2409,3
model-1587409902,1587409959.458,0.7,0.2117,0.72,0.2111,3
model-1587409902,1587409959.515,0.66,0.2069,0.7,0.1905,3
model-1587409902,1587409959.572,0.74,0.1908,0.7,0.1961,3
model-1587409902,1587409959.629,0.57,0.2316,0.67,0.201,3
model-1587409902,1587409959.686,0.62,0.2262,0.69,0.1978,3
model-1587409902,1587409959.744,0.77,0.1834,0.71,0.2009,3
model-1587409902,1587409959.801,0.68,0.189,0.7,0.2048,3
model-1587409902,1587409959.858,0.68,0.1945,0.69,0.2038,3
model-1587409902,1587409959.914,0.76,0.1743,0.69,0.2004,3
model-1587409902,1587409959.971,0.73,0.1878,0.67,0.2035,3
model-1587409902,1587409960.029,0.72,0.1774,0.69,0.2088,3
model-1587409902,1587409960.085,0.63,0.213,0.69,0.2009,3
model-1587409902,1587409960.142,0.7,0.1894,0.7,0.1922,3
model-1587409902,1587409960.2,0.72,0.1892,0.71,0.1931,3
model-1587409902,1587409960.257,0.71,0.1996,0.72,0.1928,3
model-1587409902,1587409960.313,0.69,0.2027,0.7,0.1891,3
model-1587409902,1587409960.37,0.78,0.1567,0.7,0.1867,3
model-1587409902,1587409960.427,0.8,0.1624,0.71,0.186,3
model-1587409902,1587409960.484,0.81,0.1302,0.73,0.1862,3
model-1587409902,1587409960.541,0.79,0.1633,0.71,0.1887,3
model-1587409902,1587409960.598,0.78,0.1709,0.72,0.1921,3
model-1587409902,1587409960.655,0.61,0.2118,0.71,0.191,3
model-1587409902,1587409960.713,0.76,0.1913,0.7,0.194,3
model-1587409902,1587409960.771,0.7,0.1883,0.68,0.1999,3
model-1587409902,1587409960.828,0.76,0.164,0.68,0.2003,3
model-1587409902,1587409960.884,0.68,0.2152,0.69,0.1928,3
model-1587409902,1587409960.942,0.72,0.1807,0.7,0.1937,3
model-1587409902,1587409960.999,0.74,0.2032,0.71,0.1981,3
model-1587409902,1587409961.055,0.68,0.1792,0.74,0.1947,3
model-1587409902,1587409961.112,0.75,0.1672,0.72,0.1917,3
model-1587409902,1587409961.17,0.65,0.2019,0.73,0.1892,3
model-1587409902,1587409961.228,0.69,0.1978,0.75,0.1936,3
model-1587409902,1587409961.284,0.74,0.1719,0.71,0.1957,3
model-1587409902,1587409961.341,0.66,0.2169,0.72,0.1925,3
model-1587409902,1587409961.398,0.7,0.1857,0.72,0.1974,3
model-1587409902,1587409961.455,0.8,0.159,0.69,0.2047,3
model-1587409902,1587409961.511,0.67,0.2136,0.73,0.201,3
model-1587409902,1587409961.568,0.75,0.1749,0.7,0.2022,3
model-1587409902,1587409961.626,0.72,0.1718,0.67,0.2097,3
model-1587409902,1587409961.683,0.74,0.1725,0.63,0.2188,3
model-1587409902,1587409961.741,0.63,0.2294,0.66,0.2112,3
model-1587409902,1587409961.798,0.74,0.1693,0.68,0.2032,3
model-1587409902,1587409961.855,0.7,0.1725,0.68,0.2034,3
model-1587409902,1587409961.912,0.75,0.1768,0.69,0.2076,3
model-1587409902,1587409961.969,0.67,0.2019,0.67,0.2035,3
model-1587409902,1587409962.025,0.7,0.1915,0.68,0.1953,3
model-1587409902,1587409962.083,0.8,0.1497,0.72,0.1941,3
model-1587409902,1587409962.114,0.63,0.2078,0.71,0.2032,3
model-1587409902,1587409962.172,0.68,0.2114,0.67,0.21,4
model-1587409902,1587409962.23,0.75,0.1572,0.68,0.206,4
model-1587409902,1587409962.287,0.81,0.1693,0.7,0.2015,4
model-1587409902,1587409962.345,0.71,0.1864,0.72,0.1992,4
model-1587409902,1587409962.402,0.71,0.1785,0.69,0.2001,4
model-1587409902,1587409962.458,0.77,0.1654,0.68,0.2025,4
model-1587409902,1587409962.515,0.71,0.2102,0.68,0.2058,4
model-1587409902,1587409962.572,0.82,0.1338,0.67,0.2073,4
model-1587409902,1587409962.629,0.71,0.194,0.69,0.2046,4
model-1587409902,1587409962.686,0.78,0.1629,0.69,0.2029,4
model-1587409902,1587409962.745,0.72,0.1838,0.69,0.2091,4
model-1587409902,1587409962.802,0.65,0.2083,0.67,0.2138,4
model-1587409902,1587409962.859,0.75,0.1775,0.69,0.2083,4
model-1587409902,1587409962.915,0.78,0.1581,0.7,0.2025,4
model-1587409902,1587409962.972,0.76,0.1505,0.69,0.1978,4
model-1587409902,1587409963.03,0.77,0.1684,0.69,0.1989,4
model-1587409902,1587409963.087,0.74,0.1716,0.7,0.2023,4
model-1587409902,1587409963.144,0.69,0.1843,0.7,0.2002,4
model-1587409902,1587409963.201,0.72,0.1791,0.7,0.1968,4
model-1587409902,1587409963.258,0.68,0.2067,0.71,0.1891,4
model-1587409902,1587409963.315,0.83,0.1365,0.74,0.1936,4
model-1587409902,1587409963.372,0.73,0.1907,0.7,0.2027,4
model-1587409902,1587409963.428,0.62,0.2288,0.72,0.1971,4
model-1587409902,1587409963.486,0.74,0.1839,0.71,0.1899,4
model-1587409902,1587409963.543,0.81,0.1501,0.71,0.1823,4
model-1587409902,1587409963.6,0.8,0.1448,0.71,0.183,4
model-1587409902,1587409963.657,0.74,0.1742,0.73,0.1856,4
model-1587409902,1587409963.715,0.64,0.2328,0.74,0.185,4
model-1587409902,1587409963.772,0.76,0.167,0.73,0.184,4
model-1587409902,1587409963.829,0.8,0.158,0.72,0.1873,4
model-1587409902,1587409963.886,0.68,0.2014,0.73,0.1874,4
model-1587409902,1587409963.943,0.84,0.131,0.75,0.1878,4
model-1587409902,1587409964.001,0.72,0.1937,0.75,0.1905,4
model-1587409902,1587409964.057,0.72,0.1808,0.73,0.1944,4
model-1587409902,1587409964.114,0.69,0.2006,0.73,0.1937,4
model-1587409902,1587409964.172,0.8,0.1523,0.74,0.1933,4
model-1587409902,1587409964.23,0.78,0.1346,0.71,0.1939,4
model-1587409902,1587409964.286,0.71,0.1902,0.7,0.199,4
model-1587409902,1587409964.343,0.73,0.1747,0.69,0.2056,4
model-1587409902,1587409964.4,0.75,0.1792,0.71,0.1993,4
model-1587409902,1587409964.457,0.76,0.1545,0.69,0.1968,4
model-1587409902,1587409964.513,0.72,0.2147,0.69,0.1976,4
model-1587409902,1587409964.57,0.74,0.1797,0.7,0.1997,4
model-1587409902,1587409964.628,0.75,0.1577,0.71,0.1989,4
model-1587409902,1587409964.685,0.74,0.1779,0.7,0.1962,4
model-1587409902,1587409964.743,0.6,0.2539,0.7,0.1905,4
model-1587409902,1587409964.802,0.78,0.162,0.71,0.2096,4
model-1587409902,1587409964.859,0.68,0.2172,0.66,0.2232,4
model-1587409902,1587409964.916,0.77,0.1692,0.68,0.2173,4
model-1587409902,1587409964.972,0.75,0.165,0.73,0.2012,4
model-1587409902,1587409965.029,0.72,0.1728,0.69,0.1921,4
model-1587409902,1587409965.086,0.74,0.1647,0.7,0.1943,4
model-1587409902,1587409965.143,0.77,0.1597,0.73,0.1992,4
model-1587409902,1587409965.201,0.79,0.1636,0.74,0.2,4
model-1587409902,1587409965.258,0.68,0.2076,0.69,0.1993,4
model-1587409902,1587409965.315,0.77,0.1958,0.63,0.2146,4
model-1587409902,1587409965.371,0.73,0.1725,0.58,0.2407,4
model-1587409902,1587409965.428,0.71,0.184,0.57,0.2522,4
model-1587409902,1587409965.485,0.71,0.2002,0.58,0.2397,4
model-1587409902,1587409965.542,0.71,0.1896,0.63,0.2158,4
model-1587409902,1587409965.599,0.7,0.1857,0.7,0.2013,4
model-1587409902,1587409965.656,0.71,0.184,0.74,0.2018,4
model-1587409902,1587409965.714,0.68,0.1997,0.74,0.2003,4
model-1587409902,1587409965.77,0.68,0.2054,0.72,0.1941,4
model-1587409902,1587409965.828,0.67,0.1979,0.67,0.1921,4
model-1587409902,1587409965.884,0.74,0.1713,0.69,0.194,4
model-1587409902,1587409965.941,0.77,0.1547,0.66,0.1993,4
model-1587409902,1587409965.999,0.73,0.1847,0.67,0.1969,4
model-1587409902,1587409966.055,0.7,0.1909,0.72,0.188,4
model-1587409902,1587409966.112,0.74,0.1967,0.73,0.1849,4
model-1587409902,1587409966.169,0.74,0.1713,0.73,0.1811,4
model-1587409902,1587409966.227,0.74,0.1546,0.73,0.1798,4
model-1587409902,1587409966.283,0.79,0.1524,0.73,0.1805,4
model-1587409902,1587409966.34,0.75,0.1732,0.73,0.1817,4
model-1587409902,1587409966.397,0.76,0.1652,0.76,0.1838,4
model-1587409902,1587409966.454,0.76,0.1635,0.69,0.1902,4
model-1587409902,1587409966.511,0.79,0.1563,0.67,0.1995,4
model-1587409902,1587409966.568,0.7,0.1907,0.69,0.1984,4
model-1587409902,1587409966.624,0.74,0.1639,0.73,0.1912,4
model-1587409902,1587409966.682,0.76,0.1761,0.71,0.1897,4
model-1587409902,1587409966.741,0.74,0.1746,0.72,0.1918,4
model-1587409902,1587409966.799,0.78,0.1444,0.72,0.19,4
model-1587409902,1587409966.856,0.73,0.1825,0.7,0.1894,4
model-1587409902,1587409966.912,0.63,0.2254,0.71,0.193,4
model-1587409902,1587409966.969,0.65,0.2288,0.72,0.2012,4
model-1587409902,1587409967.026,0.68,0.2067,0.72,0.199,4
model-1587409902,1587409967.082,0.78,0.1675,0.73,0.1951,4
model-1587409902,1587409967.14,0.66,0.214,0.71,0.188,4
model-1587409902,1587409967.198,0.68,0.1937,0.69,0.1861,4
model-1587409902,1587409967.255,0.69,0.1956,0.71,0.1862,4
model-1587409902,1587409967.312,0.67,0.2091,0.7,0.1903,4
model-1587409902,1587409967.369,0.74,0.1745,0.71,0.1985,4
model-1587409902,1587409967.426,0.72,0.1756,0.68,0.2076,4
model-1587409902,1587409967.482,0.71,0.1966,0.68,0.2075,4
model-1587409902,1587409967.539,0.75,0.1674,0.7,0.2056,4
model-1587409902,1587409967.597,0.75,0.1679,0.69,0.2087,4
model-1587409902,1587409967.653,0.71,0.2,0.7,0.2052,4
model-1587409902,1587409967.711,0.71,0.1969,0.66,0.2113,4
model-1587409902,1587409967.768,0.7,0.2105,0.62,0.224,4
model-1587409902,1587409967.825,0.76,0.1747,0.63,0.2255,4
model-1587409902,1587409967.882,0.72,0.1961,0.67,0.2152,4
model-1587409902,1587409967.938,0.68,0.1911,0.68,0.199,4
model-1587409902,1587409967.995,0.78,0.1573,0.72,0.1893,4
model-1587409902,1587409968.053,0.72,0.1716,0.71,0.1872,4
model-1587409902,1587409968.11,0.73,0.175,0.68,0.188,4
model-1587409902,1587409968.166,0.66,0.2049,0.69,0.1881,4
model-1587409902,1587409968.224,0.71,0.2096,0.69,0.1869,4
model-1587409902,1587409968.281,0.73,0.183,0.71,0.1863,4
model-1587409902,1587409968.337,0.68,0.187,0.71,0.1895,4
model-1587409902,1587409968.394,0.75,0.184,0.7,0.1988,4
model-1587409902,1587409968.45,0.74,0.1714,0.66,0.2093,4
model-1587409902,1587409968.508,0.7,0.2121,0.66,0.2059,4
model-1587409902,1587409968.565,0.71,0.1923,0.68,0.1959,4
model-1587409902,1587409968.621,0.77,0.1647,0.72,0.1916,4
model-1587409902,1587409968.678,0.8,0.1498,0.72,0.1938,4
model-1587409902,1587409968.736,0.74,0.1689,0.72,0.1938,4
model-1587409902,1587409968.794,0.77,0.1641,0.72,0.1912,4
model-1587409902,1587409968.851,0.67,0.1998,0.7,0.191,4
model-1587409902,1587409968.908,0.72,0.1869,0.7,0.2,4
model-1587409902,1587409968.966,0.76,0.1463,0.72,0.2106,4
model-1587409902,1587409969.022,0.68,0.2148,0.71,0.2081,4
model-1587409902,1587409969.079,0.67,0.2248,0.74,0.1967,4
model-1587409902,1587409969.136,0.78,0.1513,0.76,0.1847,4
model-1587409902,1587409969.194,0.71,0.1776,0.74,0.1767,4
model-1587409902,1587409969.251,0.78,0.17,0.73,0.1798,4
model-1587409902,1587409969.308,0.72,0.1953,0.72,0.1843,4
model-1587409902,1587409969.364,0.65,0.2179,0.72,0.1833,4
model-1587409902,1587409969.421,0.7,0.1825,0.72,0.1817,4
model-1587409902,1587409969.478,0.73,0.1817,0.73,0.1844,4
model-1587409902,1587409969.534,0.81,0.1623,0.73,0.1918,4
model-1587409902,1587409969.591,0.81,0.1475,0.72,0.1975,4
model-1587409902,1587409969.649,0.7,0.1789,0.73,0.1991,4
model-1587409902,1587409969.707,0.85,0.1356,0.72,0.1976,4
model-1587409902,1587409969.763,0.74,0.1701,0.7,0.1935,4
model-1587409902,1587409969.82,0.73,0.1692,0.73,0.194,4
model-1587409902,1587409969.877,0.72,0.1737,0.75,0.1999,4
model-1587409902,1587409969.934,0.69,0.2272,0.71,0.2067,4
model-1587409902,1587409969.99,0.75,0.1704,0.71,0.2063,4
model-1587409902,1587409970.047,0.67,0.1978,0.7,0.197,4
model-1587409902,1587409970.105,0.77,0.1723,0.72,0.1961,4
model-1587409902,1587409970.162,0.74,0.1601,0.69,0.2101,4
model-1587409902,1587409970.22,0.78,0.1478,0.66,0.2317,4
model-1587409902,1587409970.276,0.64,0.2101,0.67,0.2272,4
model-1587409902,1587409970.333,0.75,0.1747,0.7,0.2079,4
model-1587409902,1587409970.389,0.76,0.1538,0.71,0.195,4
model-1587409902,1587409970.446,0.79,0.1674,0.7,0.1936,4
model-1587409902,1587409970.503,0.81,0.1494,0.71,0.1989,4
model-1587409902,1587409970.56,0.68,0.2026,0.7,0.2009,4
model-1587409902,1587409970.617,0.75,0.1705,0.69,0.1982,4
model-1587409902,1587409970.673,0.81,0.1636,0.69,0.1986,4
model-1587409902,1587409970.731,0.75,0.1676,0.69,0.2041,4
model-1587409902,1587409970.789,0.77,0.1796,0.66,0.2109,4
model-1587409902,1587409970.847,0.78,0.1638,0.66,0.215,4
model-1587409902,1587409970.903,0.72,0.1825,0.67,0.215,4
model-1587409902,1587409970.96,0.71,0.1879,0.68,0.2084,4
model-1587409902,1587409971.018,0.68,0.1925,0.7,0.1994,4
model-1587409902,1587409971.075,0.77,0.1544,0.68,0.1955,4
model-1587409902,1587409971.131,0.74,0.1853,0.7,0.1954,4
model-1587409902,1587409971.189,0.69,0.204,0.7,0.1943,4
model-1587409902,1587409971.246,0.82,0.154,0.69,0.1936,4
model-1587409902,1587409971.304,0.81,0.1378,0.69,0.1928,4
model-1587409902,1587409971.361,0.79,0.1659,0.73,0.1953,4
model-1587409902,1587409971.418,0.71,0.1749,0.74,0.1986,4
model-1587409902,1587409971.474,0.8,0.1506,0.76,0.1955,4
model-1587409902,1587409971.531,0.81,0.1342,0.76,0.1961,4
model-1587409902,1587409971.588,0.8,0.1514,0.74,0.1965,4
model-1587409902,1587409971.646,0.82,0.1333,0.71,0.196,4
model-1587409902,1587409971.703,0.81,0.1529,0.71,0.1965,4
model-1587409902,1587409971.76,0.77,0.149,0.71,0.1997,4
model-1587409902,1587409971.817,0.78,0.1594,0.71,0.1999,4
model-1587409902,1587409971.873,0.74,0.176,0.71,0.1988,4
model-1587409902,1587409971.931,0.68,0.2006,0.7,0.1986,4
model-1587409902,1587409971.988,0.73,0.1765,0.7,0.197,4
model-1587409902,1587409972.044,0.78,0.1626,0.68,0.1974,4
model-1587409902,1587409972.101,0.73,0.1573,0.67,0.202,4
model-1587409902,1587409972.159,0.8,0.1536,0.71,0.2167,4
model-1587409902,1587409972.216,0.74,0.1788,0.69,0.2264,4
model-1587409902,1587409972.273,0.71,0.1775,0.71,0.2103,4
model-1587409902,1587409972.33,0.71,0.1937,0.73,0.1941,4
model-1587409902,1587409972.388,0.76,0.1774,0.7,0.194,4
model-1587409902,1587409972.445,0.64,0.2137,0.72,0.1983,4
model-1587409902,1587409972.501,0.72,0.1871,0.68,0.1977,4
model-1587409902,1587409972.558,0.79,0.162,0.69,0.1977,4
model-1587409902,1587409972.617,0.75,0.1662,0.72,0.1988,4
model-1587409902,1587409972.674,0.74,0.1817,0.72,0.1952,4
model-1587409902,1587409972.73,0.77,0.1667,0.72,0.1906,4
model-1587409902,1587409972.788,0.72,0.178,0.72,0.1847,4
model-1587409902,1587409972.846,0.76,0.166,0.74,0.1849,4
model-1587409902,1587409972.902,0.71,0.1909,0.73,0.184,4
model-1587409902,1587409972.959,0.73,0.1709,0.71,0.1831,4
model-1587409902,1587409973.016,0.78,0.1765,0.7,0.1852,4
model-1587409902,1587409973.073,0.77,0.1771,0.7,0.1852,4
model-1587409902,1587409973.132,0.71,0.1846,0.71,0.1836,4
model-1587409902,1587409973.188,0.82,0.1436,0.72,0.1832,4
model-1587409902,1587409973.245,0.81,0.153,0.72,0.183,4
model-1587409902,1587409973.302,0.82,0.1252,0.72,0.1825,4
model-1587409902,1587409973.359,0.83,0.1425,0.72,0.1811,4
model-1587409902,1587409973.415,0.81,0.1446,0.72,0.1824,4
model-1587409902,1587409973.472,0.69,0.1953,0.72,0.1832,4
model-1587409902,1587409973.53,0.75,0.1848,0.72,0.1852,4
model-1587409902,1587409973.586,0.76,0.1785,0.71,0.1904,4
model-1587409902,1587409973.644,0.83,0.1351,0.7,0.1929,4
model-1587409902,1587409973.701,0.72,0.1913,0.71,0.1869,4
model-1587409902,1587409973.758,0.73,0.1618,0.72,0.1874,4
model-1587409902,1587409973.815,0.76,0.1853,0.75,0.1929,4
model-1587409902,1587409973.872,0.75,0.1642,0.75,0.1929,4
model-1587409902,1587409973.928,0.78,0.1548,0.73,0.1919,4
model-1587409902,1587409973.986,0.71,0.1905,0.73,0.192,4
model-1587409902,1587409974.043,0.76,0.1625,0.67,0.2025,4
model-1587409902,1587409974.1,0.74,0.1658,0.67,0.2076,4
model-1587409902,1587409974.157,0.62,0.2274,0.71,0.1991,4
model-1587409902,1587409974.214,0.71,0.1727,0.71,0.1967,4
model-1587409902,1587409974.271,0.8,0.1432,0.74,0.2013,4
model-1587409902,1587409974.327,0.67,0.2036,0.73,0.1949,4
model-1587409902,1587409974.384,0.8,0.1606,0.74,0.1943,4
model-1587409902,1587409974.442,0.77,0.1537,0.68,0.2,4
model-1587409902,1587409974.499,0.76,0.1654,0.68,0.2076,4
model-1587409902,1587409974.555,0.68,0.2075,0.7,0.2017,4
model-1587409902,1587409974.613,0.81,0.1493,0.72,0.1955,4
model-1587409902,1587409974.67,0.77,0.1529,0.72,0.1945,4
model-1587409902,1587409974.727,0.78,0.1635,0.72,0.1974,4
model-1587409902,1587409974.785,0.71,0.1873,0.7,0.198,4
model-1587409902,1587409974.842,0.74,0.186,0.69,0.1957,4
model-1587409902,1587409974.9,0.8,0.1374,0.69,0.1957,4
model-1587409902,1587409974.932,0.71,0.1877,0.72,0.202,4
